<?xml version="1.0" encoding="UTF-8"?>
<!-- Generated by org.testng.reporters.JUnitXMLReporter -->
<testsuite hostname="DESKTOP-NVPHNI7" ignored="0" name="Test" tests="8" failures="0" timestamp="28 Mar 2020 03:36:07 GMT" time="81.316" errors="0">
  <testcase name="clickonhome" time="11.029" classname="com.mercury.qa.testclass.HomePageTestcase"/>
  <testcase name="flightfindertest" time="14.65" classname="com.mercury.qa.testclass.RegstrationTestcase"/>
  <testcase name="verfysighin" time="5.414" classname="com.mercury.qa.testclass.Sighintestcase"/>
  <testcase name="login" time="9.99" classname="com.mercury.qa.testclass.registernewcontactTest"/>
  <testcase name="forms" time="2.212" classname="com.mercury.qa.testclass.registernewcontactTest"/>
  <testcase name="forms" time="2.264" classname="com.mercury.qa.testclass.registernewcontactTest"/>
  <testcase name="forms" time="2.309" classname="com.mercury.qa.testclass.registernewcontactTest"/>
  <testcase name="forms" time="2.226" classname="com.mercury.qa.testclass.registernewcontactTest"/>
</testsuite> <!-- Test -->
