<?xml version="1.0" encoding="UTF-8" ?>
<testsuite tests="5" failures="0" name="TestSuite" time="21.625" errors="0" skipped="0">
  <properties>
[...]
</properties>
  <testcase classname="com.mercury.qa.testclass.registernewcontactTest" name="login" time="12.653"/>
  <testcase classname="com.mercury.qa.testclass.registernewcontactTest" name="forms" time="2.22"/>
  <testcase classname="com.mercury.qa.testclass.registernewcontactTest" name="forms" time="2.195"/>
  <testcase classname="com.mercury.qa.testclass.registernewcontactTest" name="forms" time="2.367"/>
  <testcase classname="com.mercury.qa.testclass.registernewcontactTest" name="forms" time="2.19"/>
</testsuite>